
> pusdatin_nu@1.0.0 dev C:\nurisk\backend
> nodemon --exec ts-node src/main.ts

[33m[nodemon] 3.1.14[39m
[33m[nodemon] to restart at any time, enter `rs`[39m
[33m[nodemon] watching path(s): *.*[39m
[33m[nodemon] watching extensions: ts,json[39m
[32m[nodemon] starting `ts-node src/main.ts`[39m
C:\nurisk\backend\src\auth\auth.module.ts:17
    throw new Error('JWT_PUBLIC_KEY environment variable is required for RS256 authentication');
          ^
Error: JWT_PUBLIC_KEY environment variable is required for RS256 authentication
    at getJwtSecret (C:\nurisk\backend\src\auth\auth.module.ts:17:11)
    at Object.<anonymous> (C:\nurisk\backend\src\auth\auth.module.ts:26:15)
    at Module._compile (node:internal/modules/cjs/loader:1829:14)
    at node:internal/modules/cjs/loader:1969:10
    at Object.require.extensions.<computed> [as .js] (C:\nurisk\node_modules\.pnpm\ts-node@10.9.2_@types+node@25.8.0_typescript@6.0.3\node_modules\ts-node\src\index.ts:1608:43)
    at Module.load (node:internal/modules/cjs/loader:1552:32)
    at Module._load (node:internal/modules/cjs/loader:1354:12)
    at wrapModuleLoad (node:internal/modules/cjs/loader:255:19)
    at Module.require (node:internal/modules/cjs/loader:1575:12)
    at require (node:internal/modules/helpers:191:16)
[31m[nodemon] app crashed - waiting for file changes before starting...[39m
[32m[nodemon] restarting due to changes...[39m
[32m[nodemon] starting `ts-node src/main.ts`[39m
[32m[Nest] 1312  - [39m05/21/2026, 12:30:57 PM [32m    LOG[39m [38;5;3m[NestFactory] [39m[32mStarting Nest application...[39m
[32m[Nest] 1312  - [39m05/21/2026, 12:30:57 PM [32m    LOG[39m [38;5;3m[InstanceLoader] [39m[32mAppModule dependencies initialized[39m[38;5;3m +54ms[39m
[32m[Nest] 1312  - [39m05/21/2026, 12:30:57 PM [32m    LOG[39m [38;5;3m[InstanceLoader] [39m[32mPassportModule dependencies initialized[39m[38;5;3m +1ms[39m
[31m[Nest] 1312  - [39m05/21/2026, 12:30:57 PM [31m  ERROR[39m [38;5;3m[ExceptionHandler] [39mUnknownDependenciesException [Error]: Nest can't resolve dependencies of the IncidentRepository (?). Please make sure that the argument PrismaService at index [0] is available in the IncidentModule module.

Potential solutions:
- Is IncidentModule a valid NestJS module?
- If PrismaService is a provider, is it part of the current IncidentModule?
- If PrismaService is exported from a separate @Module, is that module imported within IncidentModule?
  @Module({
    imports: [ /* the Module containing PrismaService */ ]
  })

For more common dependency resolution issues, see: https://docs.nestjs.com/faq/common-errors
    at Injector.lookupComponentInParentModules (C:\nurisk\node_modules\[4m.pnpm[24m\@nestjs+core@11.1.21_@nestjs+common@11.1.21_reflect-metadata@0.2.2_rxjs@7.8.2__@nestjs+platfo_x2fh3wg33qqencl5vjpdybuk54\node_modules\[4m@nestjs\core[24m\injector\injector.js:299:19)
    at async resolveParam (C:\nurisk\node_modules\[4m.pnpm[24m\@nestjs+core@11.1.21_@nestjs+common@11.1.21_reflect-metadata@0.2.2_rxjs@7.8.2__@nestjs+platfo_x2fh3wg33qqencl5vjpdybuk54\node_modules\[4m@nestjs\core[24m\injector\injector.js:149:38)
    at async Promise.all (index 0)
    at async Injector.resolveConstructorParams (C:\nurisk\node_modules\[4m.pnpm[24m\@nestjs+core@11.1.21_@nestjs+common@11.1.21_reflect-metadata@0.2.2_rxjs@7.8.2__@nestjs+platfo_x2fh3wg33qqencl5vjpdybuk54\node_modules\[4m@nestjs\core[24m\injector\injector.js:178:27)
    at async Injector.loadInstance (C:\nurisk\node_modules\[4m.pnpm[24m\@nestjs+core@11.1.21_@nestjs+common@11.1.21_reflect-metadata@0.2.2_rxjs@7.8.2__@nestjs+platfo_x2fh3wg33qqencl5vjpdybuk54\node_modules\[4m@nestjs\core[24m\injector\injector.js:77:13)
    at async Injector.loadProvider (C:\nurisk\node_modules\[4m.pnpm[24m\@nestjs+core@11.1.21_@nestjs+common@11.1.21_reflect-metadata@0.2.2_rxjs@7.8.2__@nestjs+platfo_x2fh3wg33qqencl5vjpdybuk54\node_modules\[4m@nestjs\core[24m\injector\injector.js:111:9)
    at async C:\nurisk\node_modules\[4m.pnpm[24m\@nestjs+core@11.1.21_@nestjs+common@11.1.21_reflect-metadata@0.2.2_rxjs@7.8.2__@nestjs+platfo_x2fh3wg33qqencl5vjpdybuk54\node_modules\[4m@nestjs\core[24m\injector\instance-loader.js:56:13
    at async Promise.all (index 4)
    at async InstanceLoader.createInstancesOfProviders (C:\nurisk\node_modules\[4m.pnpm[24m\@nestjs+core@11.1.21_@nestjs+common@11.1.21_reflect-metadata@0.2.2_rxjs@7.8.2__@nestjs+platfo_x2fh3wg33qqencl5vjpdybuk54\node_modules\[4m@nestjs\core[24m\injector\instance-loader.js:55:9)
    at async C:\nurisk\node_modules\[4m.pnpm[24m\@nestjs+core@11.1.21_@nestjs+common@11.1.21_reflect-metadata@0.2.2_rxjs@7.8.2__@nestjs+platfo_x2fh3wg33qqencl5vjpdybuk54\node_modules\[4m@nestjs\core[24m\injector\instance-loader.js:40:13 {
  type: [32m'IncidentRepository'[39m,
  context: {
    index: [33m0[39m,
    dependencies: [
      [36m[class PrismaService extends t][39m
    ],
    name: [36m[class PrismaService extends t][39m
  },
  metadata: {
    id: [32m'e796c0f730dbb73bb2233'[39m
  },
  moduleRef: {
    id: [32m'fc387e84416a612ed673e'[39m
  }
}
[31m[nodemon] app crashed - waiting for file changes before starting...[39m
[32m[nodemon] restarting due to changes...[39m
[32m[nodemon] starting `ts-node src/main.ts`[39m
[32m[Nest] 9520  - [39m05/21/2026, 12:31:10 PM [32m    LOG[39m [38;5;3m[NestFactory] [39m[32mStarting Nest application...[39m
[32m[Nest] 9520  - [39m05/21/2026, 12:31:10 PM [32m    LOG[39m [38;5;3m[InstanceLoader] [39m[32mAppModule dependencies initialized[39m[38;5;3m +70ms[39m
[32m[Nest] 9520  - [39m05/21/2026, 12:31:10 PM [32m    LOG[39m [38;5;3m[InstanceLoader] [39m[32mPassportModule dependencies initialized[39m[38;5;3m +0ms[39m
[31m[Nest] 9520  - [39m05/21/2026, 12:31:10 PM [31m  ERROR[39m [38;5;3m[ExceptionHandler] [39mUnknownDependenciesException [Error]: Nest can't resolve dependencies of the IncidentRepository (?). Please make sure that the argument PrismaService at index [0] is available in the IncidentModule module.

Potential solutions:
- Is IncidentModule a valid NestJS module?
- If PrismaService is a provider, is it part of the current IncidentModule?
- If PrismaService is exported from a separate @Module, is that module imported within IncidentModule?
  @Module({
    imports: [ /* the Module containing PrismaService */ ]
  })

For more common dependency resolution issues, see: https://docs.nestjs.com/faq/common-errors
    at Injector.lookupComponentInParentModules (C:\nurisk\node_modules\[4m.pnpm[24m\@nestjs+core@11.1.21_@nestjs+common@11.1.21_reflect-metadata@0.2.2_rxjs@7.8.2__@nestjs+platfo_x2fh3wg33qqencl5vjpdybuk54\node_modules\[4m@nestjs\core[24m\injector\injector.js:299:19)
    at async resolveParam (C:\nurisk\node_modules\[4m.pnpm[24m\@nestjs+core@11.1.21_@nestjs+common@11.1.21_reflect-metadata@0.2.2_rxjs@7.8.2__@nestjs+platfo_x2fh3wg33qqencl5vjpdybuk54\node_modules\[4m@nestjs\core[24m\injector\injector.js:149:38)
    at async Promise.all (index 0)
    at async Injector.resolveConstructorParams (C:\nurisk\node_modules\[4m.pnpm[24m\@nestjs+core@11.1.21_@nestjs+common@11.1.21_reflect-metadata@0.2.2_rxjs@7.8.2__@nestjs+platfo_x2fh3wg33qqencl5vjpdybuk54\node_modules\[4m@nestjs\core[24m\injector\injector.js:178:27)
    at async Injector.loadInstance (C:\nurisk\node_modules\[4m.pnpm[24m\@nestjs+core@11.1.21_@nestjs+common@11.1.21_reflect-metadata@0.2.2_rxjs@7.8.2__@nestjs+platfo_x2fh3wg33qqencl5vjpdybuk54\node_modules\[4m@nestjs\core[24m\injector\injector.js:77:13)
    at async Injector.loadProvider (C:\nurisk\node_modules\[4m.pnpm[24m\@nestjs+core@11.1.21_@nestjs+common@11.1.21_reflect-metadata@0.2.2_rxjs@7.8.2__@nestjs+platfo_x2fh3wg33qqencl5vjpdybuk54\node_modules\[4m@nestjs\core[24m\injector\injector.js:111:9)
    at async C:\nurisk\node_modules\[4m.pnpm[24m\@nestjs+core@11.1.21_@nestjs+common@11.1.21_reflect-metadata@0.2.2_rxjs@7.8.2__@nestjs+platfo_x2fh3wg33qqencl5vjpdybuk54\node_modules\[4m@nestjs\core[24m\injector\instance-loader.js:56:13
    at async Promise.all (index 4)
    at async InstanceLoader.createInstancesOfProviders (C:\nurisk\node_modules\[4m.pnpm[24m\@nestjs+core@11.1.21_@nestjs+common@11.1.21_reflect-metadata@0.2.2_rxjs@7.8.2__@nestjs+platfo_x2fh3wg33qqencl5vjpdybuk54\node_modules\[4m@nestjs\core[24m\injector\instance-loader.js:55:9)
    at async C:\nurisk\node_modules\[4m.pnpm[24m\@nestjs+core@11.1.21_@nestjs+common@11.1.21_reflect-metadata@0.2.2_rxjs@7.8.2__@nestjs+platfo_x2fh3wg33qqencl5vjpdybuk54\node_modules\[4m@nestjs\core[24m\injector\instance-loader.js:40:13 {
  type: [32m'IncidentRepository'[39m,
  context: {
    index: [33m0[39m,
    dependencies: [
      [36m[class PrismaService extends t][39m
    ],
    name: [36m[class PrismaService extends t][39m
  },
  metadata: {
    id: [32m'b77f88057cb12f3216480'[39m
  },
  moduleRef: {
    id: [32m'191320b1ba7f78015f0e7'[39m
  }
}
[31m[nodemon] app crashed - waiting for file changes before starting...[39m
[32m[nodemon] restarting due to changes...[39m
[32m[nodemon] starting `ts-node src/main.ts`[39m
[32m[Nest] 6452  - [39m05/21/2026, 12:31:26 PM [32m    LOG[39m [38;5;3m[NestFactory] [39m[32mStarting Nest application...[39m
[32m[Nest] 6452  - [39m05/21/2026, 12:31:26 PM [32m    LOG[39m [38;5;3m[InstanceLoader] [39m[32mAppModule dependencies initialized[39m[38;5;3m +41ms[39m
[32m[Nest] 6452  - [39m05/21/2026, 12:31:26 PM [32m    LOG[39m [38;5;3m[InstanceLoader] [39m[32mPassportModule dependencies initialized[39m[38;5;3m +0ms[39m
[31m[Nest] 6452  - [39m05/21/2026, 12:31:26 PM [31m  ERROR[39m [38;5;3m[ExceptionHandler] [39mUnknownDependenciesException [Error]: Nest can't resolve dependencies of the IncidentRepository (?). Please make sure that the argument PrismaService at index [0] is available in the IncidentModule module.

Potential solutions:
- Is IncidentModule a valid NestJS module?
- If PrismaService is a provider, is it part of the current IncidentModule?
- If PrismaService is exported from a separate @Module, is that module imported within IncidentModule?
  @Module({
    imports: [ /* the Module containing PrismaService */ ]
  })

For more common dependency resolution issues, see: https://docs.nestjs.com/faq/common-errors
    at Injector.lookupComponentInParentModules (C:\nurisk\node_modules\[4m.pnpm[24m\@nestjs+core@11.1.21_@nestjs+common@11.1.21_reflect-metadata@0.2.2_rxjs@7.8.2__@nestjs+platfo_x2fh3wg33qqencl5vjpdybuk54\node_modules\[4m@nestjs\core[24m\injector\injector.js:299:19)
    at async resolveParam (C:\nurisk\node_modules\[4m.pnpm[24m\@nestjs+core@11.1.21_@nestjs+common@11.1.21_reflect-metadata@0.2.2_rxjs@7.8.2__@nestjs+platfo_x2fh3wg33qqencl5vjpdybuk54\node_modules\[4m@nestjs\core[24m\injector\injector.js:149:38)
    at async Promise.all (index 0)
    at async Injector.resolveConstructorParams (C:\nurisk\node_modules\[4m.pnpm[24m\@nestjs+core@11.1.21_@nestjs+common@11.1.21_reflect-metadata@0.2.2_rxjs@7.8.2__@nestjs+platfo_x2fh3wg33qqencl5vjpdybuk54\node_modules\[4m@nestjs\core[24m\injector\injector.js:178:27)
    at async Injector.loadInstance (C:\nurisk\node_modules\[4m.pnpm[24m\@nestjs+core@11.1.21_@nestjs+common@11.1.21_reflect-metadata@0.2.2_rxjs@7.8.2__@nestjs+platfo_x2fh3wg33qqencl5vjpdybuk54\node_modules\[4m@nestjs\core[24m\injector\injector.js:77:13)
    at async Injector.loadProvider (C:\nurisk\node_modules\[4m.pnpm[24m\@nestjs+core@11.1.21_@nestjs+common@11.1.21_reflect-metadata@0.2.2_rxjs@7.8.2__@nestjs+platfo_x2fh3wg33qqencl5vjpdybuk54\node_modules\[4m@nestjs\core[24m\injector\injector.js:111:9)
    at async C:\nurisk\node_modules\[4m.pnpm[24m\@nestjs+core@11.1.21_@nestjs+common@11.1.21_reflect-metadata@0.2.2_rxjs@7.8.2__@nestjs+platfo_x2fh3wg33qqencl5vjpdybuk54\node_modules\[4m@nestjs\core[24m\injector\instance-loader.js:56:13
    at async Promise.all (index 4)
    at async InstanceLoader.createInstancesOfProviders (C:\nurisk\node_modules\[4m.pnpm[24m\@nestjs+core@11.1.21_@nestjs+common@11.1.21_reflect-metadata@0.2.2_rxjs@7.8.2__@nestjs+platfo_x2fh3wg33qqencl5vjpdybuk54\node_modules\[4m@nestjs\core[24m\injector\instance-loader.js:55:9)
    at async C:\nurisk\node_modules\[4m.pnpm[24m\@nestjs+core@11.1.21_@nestjs+common@11.1.21_reflect-metadata@0.2.2_rxjs@7.8.2__@nestjs+platfo_x2fh3wg33qqencl5vjpdybuk54\node_modules\[4m@nestjs\core[24m\injector\instance-loader.js:40:13 {
  type: [32m'IncidentRepository'[39m,
  context: {
    index: [33m0[39m,
    dependencies: [
      [36m[class PrismaService extends t][39m
    ],
    name: [36m[class PrismaService extends t][39m
  },
  metadata: {
    id: [32m'9c625b412447ed1b95c4e'[39m
  },
  moduleRef: {
    id: [32m'ea04b03af284b1a3ee8fb'[39m
  }
}
[31m[nodemon] app crashed - waiting for file changes before starting...[39m
[32m[nodemon] restarting due to changes...[39m
[32m[nodemon] starting `ts-node src/main.ts`[39m
[32m[Nest] 4132  - [39m05/21/2026, 12:32:39 PM [32m    LOG[39m [38;5;3m[NestFactory] [39m[32mStarting Nest application...[39m
[32m[Nest] 4132  - [39m05/21/2026, 12:32:39 PM [32m    LOG[39m [38;5;3m[InstanceLoader] [39m[32mAppModule dependencies initialized[39m[38;5;3m +62ms[39m
[32m[Nest] 4132  - [39m05/21/2026, 12:32:39 PM [32m    LOG[39m [38;5;3m[InstanceLoader] [39m[32mPassportModule dependencies initialized[39m[38;5;3m +0ms[39m
[31m[Nest] 4132  - [39m05/21/2026, 12:32:39 PM [31m  ERROR[39m [38;5;3m[ExceptionHandler] [39mUnknownDependenciesException [Error]: Nest can't resolve dependencies of the IncidentRepository (?). Please make sure that the argument PrismaService at index [0] is available in the IncidentModule module.

Potential solutions:
- Is IncidentModule a valid NestJS module?
- If PrismaService is a provider, is it part of the current IncidentModule?
- If PrismaService is exported from a separate @Module, is that module imported within IncidentModule?
  @Module({
    imports: [ /* the Module containing PrismaService */ ]
  })

For more common dependency resolution issues, see: https://docs.nestjs.com/faq/common-errors
    at Injector.lookupComponentInParentModules (C:\nurisk\node_modules\[4m.pnpm[24m\@nestjs+core@11.1.21_@nestjs+common@11.1.21_reflect-metadata@0.2.2_rxjs@7.8.2__@nestjs+platfo_x2fh3wg33qqencl5vjpdybuk54\node_modules\[4m@nestjs\core[24m\injector\injector.js:299:19)
    at async resolveParam (C:\nurisk\node_modules\[4m.pnpm[24m\@nestjs+core@11.1.21_@nestjs+common@11.1.21_reflect-metadata@0.2.2_rxjs@7.8.2__@nestjs+platfo_x2fh3wg33qqencl5vjpdybuk54\node_modules\[4m@nestjs\core[24m\injector\injector.js:149:38)
    at async Promise.all (index 0)
    at async Injector.resolveConstructorParams (C:\nurisk\node_modules\[4m.pnpm[24m\@nestjs+core@11.1.21_@nestjs+common@11.1.21_reflect-metadata@0.2.2_rxjs@7.8.2__@nestjs+platfo_x2fh3wg33qqencl5vjpdybuk54\node_modules\[4m@nestjs\core[24m\injector\injector.js:178:27)
    at async Injector.loadInstance (C:\nurisk\node_modules\[4m.pnpm[24m\@nestjs+core@11.1.21_@nestjs+common@11.1.21_reflect-metadata@0.2.2_rxjs@7.8.2__@nestjs+platfo_x2fh3wg33qqencl5vjpdybuk54\node_modules\[4m@nestjs\core[24m\injector\injector.js:77:13)
    at async Injector.loadProvider (C:\nurisk\node_modules\[4m.pnpm[24m\@nestjs+core@11.1.21_@nestjs+common@11.1.21_reflect-metadata@0.2.2_rxjs@7.8.2__@nestjs+platfo_x2fh3wg33qqencl5vjpdybuk54\node_modules\[4m@nestjs\core[24m\injector\injector.js:111:9)
    at async C:\nurisk\node_modules\[4m.pnpm[24m\@nestjs+core@11.1.21_@nestjs+common@11.1.21_reflect-metadata@0.2.2_rxjs@7.8.2__@nestjs+platfo_x2fh3wg33qqencl5vjpdybuk54\node_modules\[4m@nestjs\core[24m\injector\instance-loader.js:56:13
    at async Promise.all (index 4)
    at async InstanceLoader.createInstancesOfProviders (C:\nurisk\node_modules\[4m.pnpm[24m\@nestjs+core@11.1.21_@nestjs+common@11.1.21_reflect-metadata@0.2.2_rxjs@7.8.2__@nestjs+platfo_x2fh3wg33qqencl5vjpdybuk54\node_modules\[4m@nestjs\core[24m\injector\instance-loader.js:55:9)
    at async C:\nurisk\node_modules\[4m.pnpm[24m\@nestjs+core@11.1.21_@nestjs+common@11.1.21_reflect-metadata@0.2.2_rxjs@7.8.2__@nestjs+platfo_x2fh3wg33qqencl5vjpdybuk54\node_modules\[4m@nestjs\core[24m\injector\instance-loader.js:40:13 {
  type: [32m'IncidentRepository'[39m,
  context: {
    index: [33m0[39m,
    dependencies: [
      [36m[class PrismaService extends t][39m
    ],
    name: [36m[class PrismaService extends t][39m
  },
  metadata: {
    id: [32m'bf45b48decdb3ec51c21f'[39m
  },
  moduleRef: {
    id: [32m'272bf7579a71c4de3ae0d'[39m
  }
}
[31m[nodemon] app crashed - waiting for file changes before starting...[39m
