
> pusdatin_nu@1.0.0 start:dev
> ts-node src/main.ts

✅ ENVIRONMENT: All required variables validated
[32m[Nest] 13660  - [39m05/23/2026, 2:30:47 PM [32m    LOG[39m [38;5;3m[NestFactory] [39m[32mStarting Nest application...[39m
[32m[Nest] 13660  - [39m05/23/2026, 2:30:47 PM [32m    LOG[39m [38;5;3m[InstanceLoader] [39m[32mAppModule dependencies initialized[39m[38;5;3m +33ms[39m
[32m[Nest] 13660  - [39m05/23/2026, 2:30:47 PM [32m    LOG[39m [38;5;3m[InstanceLoader] [39m[32mPassportModule dependencies initialized[39m[38;5;3m +0ms[39m
[32m[Nest] 13660  - [39m05/23/2026, 2:30:47 PM [32m    LOG[39m [38;5;3m[InstanceLoader] [39m[32mPrismaModule dependencies initialized[39m[38;5;3m +57ms[39m
[32m[Nest] 13660  - [39m05/23/2026, 2:30:47 PM [32m    LOG[39m [38;5;3m[InstanceLoader] [39m[32mJwtModule dependencies initialized[39m[38;5;3m +2ms[39m
[32m[Nest] 13660  - [39m05/23/2026, 2:30:47 PM [32m    LOG[39m [38;5;3m[InstanceLoader] [39m[32mGatewayModule dependencies initialized[39m[38;5;3m +1ms[39m
[32m[Nest] 13660  - [39m05/23/2026, 2:30:47 PM [32m    LOG[39m [38;5;3m[InstanceLoader] [39m[32mWeatherModule dependencies initialized[39m[38;5;3m +0ms[39m
[32m[Nest] 13660  - [39m05/23/2026, 2:30:47 PM [32m    LOG[39m [38;5;3m[InstanceLoader] [39m[32mHealthModule dependencies initialized[39m[38;5;3m +0ms[39m
[32m[Nest] 13660  - [39m05/23/2026, 2:30:47 PM [32m    LOG[39m [38;5;3m[InstanceLoader] [39m[32mEarlyWarningModule dependencies initialized[39m[38;5;3m +0ms[39m
[32m[Nest] 13660  - [39m05/23/2026, 2:30:47 PM [32m    LOG[39m [38;5;3m[InstanceLoader] [39m[32mHazardModule dependencies initialized[39m[38;5;3m +0ms[39m
[32m[Nest] 13660  - [39m05/23/2026, 2:30:47 PM [32m    LOG[39m [38;5;3m[InstanceLoader] [39m[32mAwarenessModule dependencies initialized[39m[38;5;3m +0ms[39m
[32m[Nest] 13660  - [39m05/23/2026, 2:30:47 PM [32m    LOG[39m [38;5;3m[InstanceLoader] [39m[32mDecisionModule dependencies initialized[39m[38;5;3m +0ms[39m
[32m[Nest] 13660  - [39m05/23/2026, 2:30:47 PM [32m    LOG[39m [38;5;3m[InstanceLoader] [39m[32mBriefingModule dependencies initialized[39m[38;5;3m +0ms[39m
[32m[Nest] 13660  - [39m05/23/2026, 2:30:47 PM [32m    LOG[39m [38;5;3m[InstanceLoader] [39m[32mVolunteersModule dependencies initialized[39m[38;5;3m +0ms[39m
[32m[Nest] 13660  - [39m05/23/2026, 2:30:47 PM [32m    LOG[39m [38;5;3m[InstanceLoader] [39m[32mSheltersModule dependencies initialized[39m[38;5;3m +0ms[39m
[32m[Nest] 13660  - [39m05/23/2026, 2:30:47 PM [32m    LOG[39m [38;5;3m[InstanceLoader] [39m[32mAssetsModule dependencies initialized[39m[38;5;3m +0ms[39m
[32m[Nest] 13660  - [39m05/23/2026, 2:30:47 PM [32m    LOG[39m [38;5;3m[InstanceLoader] [39m[32mChatModule dependencies initialized[39m[38;5;3m +0ms[39m
[32m[Nest] 13660  - [39m05/23/2026, 2:30:47 PM [32m    LOG[39m [38;5;3m[InstanceLoader] [39m[32mNotificationsModule dependencies initialized[39m[38;5;3m +0ms[39m
[32m[Nest] 13660  - [39m05/23/2026, 2:30:47 PM [32m    LOG[39m [38;5;3m[InstanceLoader] [39m[32mExternalModule dependencies initialized[39m[38;5;3m +1ms[39m
[32m[Nest] 13660  - [39m05/23/2026, 2:30:47 PM [32m    LOG[39m [38;5;3m[InstanceLoader] [39m[32mResourcesModule dependencies initialized[39m[38;5;3m +0ms[39m
[32m[Nest] 13660  - [39m05/23/2026, 2:30:47 PM [32m    LOG[39m [38;5;3m[InstanceLoader] [39m[32mIncidentModule dependencies initialized[39m[38;5;3m +0ms[39m
[32m[Nest] 13660  - [39m05/23/2026, 2:30:47 PM [32m    LOG[39m [38;5;3m[InstanceLoader] [39m[32mAnalyticsModule dependencies initialized[39m[38;5;3m +0ms[39m
[32m[Nest] 13660  - [39m05/23/2026, 2:30:47 PM [32m    LOG[39m [38;5;3m[InstanceLoader] [39m[32mMapsModule dependencies initialized[39m[38;5;3m +0ms[39m
[32m[Nest] 13660  - [39m05/23/2026, 2:30:47 PM [32m    LOG[39m [38;5;3m[InstanceLoader] [39m[32mRiskModule dependencies initialized[39m[38;5;3m +0ms[39m
[32m[Nest] 13660  - [39m05/23/2026, 2:30:47 PM [32m    LOG[39m [38;5;3m[InstanceLoader] [39m[32mAuthModule dependencies initialized[39m[38;5;3m +0ms[39m
[32m[Nest] 13660  - [39m05/23/2026, 2:30:47 PM [32m    LOG[39m [38;5;3m[InstanceLoader] [39m[32mBuildingsModule dependencies initialized[39m[38;5;3m +0ms[39m
[32m[Nest] 13660  - [39m05/23/2026, 2:30:47 PM [32m    LOG[39m [38;5;3m[InstanceLoader] [39m[32mWarehousesModule dependencies initialized[39m[38;5;3m +0ms[39m
[32m[Nest] 13660  - [39m05/23/2026, 2:30:47 PM [32m    LOG[39m [38;5;3m[InstanceLoader] [39m[32mLogisticsModule dependencies initialized[39m[38;5;3m +0ms[39m
[32m[Nest] 13660  - [39m05/23/2026, 2:30:47 PM [32m    LOG[39m [38;5;3m[InstanceLoader] [39m[32mMissionsModule dependencies initialized[39m[38;5;3m +0ms[39m
❌ DATABASE CONNECTION FAILED: role "nurisk" does not exist
